<?xml version="1.0" encoding="UTF-8"?>
<!-- Generated by org.testng.reporters.JUnitReportReporter -->
<testsuite hostname="LAPTOP-5NJGE6VO" failures="0" tests="1" name="com.obsqura.TestNGframework.MenuOptions" time="12.197" errors="0" timestamp="2023-07-12T21:47:34 IST" skipped="0">
  <testcase classname="com.obsqura.TestNGframework.MenuOptions" name="menuSelection" time="12.197"/>
  <system-out/>
</testsuite> <!-- com.obsqura.TestNGframework.MenuOptions -->
