<?xml version="1.0" encoding="UTF-8"?>
<!-- Generated by org.testng.reporters.JUnitReportReporter -->
<testsuite hostname="LAPTOP-5NJGE6VO" failures="0" tests="1" name="com.obsqura.TestNGframework.WebElementCommands" time="12.984" errors="0" timestamp="2023-07-06T08:42:43 IST" skipped="0">
  <testcase classname="com.obsqura.TestNGframework.WebElementCommands" name="webElementCommand" time="12.984"/>
  <system-out/>
</testsuite> <!-- com.obsqura.TestNGframework.WebElementCommands -->
