<?xml version="1.0" encoding="UTF-8"?>
<!-- Generated by org.testng.reporters.JUnitReportReporter -->
<testsuite hostname="LAPTOP-5NJGE6VO" failures="0" tests="1" name="com.obsqura.TestNGframework.Assertion" time="18.370" errors="0" timestamp="2023-07-07T08:18:14 IST" skipped="0">
  <testcase classname="com.obsqura.TestNGframework.Assertion" name="verifySingleInputFieldWhenEnterDataOnTextFieldAndClcikOnShowMessageButton" time="18.370"/>
  <system-out/>
</testsuite> <!-- com.obsqura.TestNGframework.Assertion -->
