<?xml version="1.0" encoding="UTF-8"?>
<!-- Generated by org.testng.reporters.JUnitReportReporter -->
<testsuite hostname="LAPTOP-5NJGE6VO" failures="0" tests="1" name="com.obsqura.TestNGframework.Table" time="7.347" errors="0" timestamp="2023-07-13T22:48:27 IST" skipped="0">
  <testcase classname="com.obsqura.TestNGframework.Table" name="getSize" time="7.347"/>
  <system-out/>
</testsuite> <!-- com.obsqura.TestNGframework.Table -->
