<?xml version="1.0" encoding="UTF-8"?>
<!-- Generated by org.testng.reporters.JUnitReportReporter -->
<testsuite hostname="LAPTOP-5NJGE6VO" failures="0" tests="1" name="com.obsqura.TestNGframework.FileUpload" time="12.685" errors="0" timestamp="2023-07-19T07:53:46 IST" skipped="0">
  <testcase classname="com.obsqura.TestNGframework.FileUpload" name="fileUploadUsingRobotClass" time="12.685"/>
  <system-out/>
</testsuite> <!-- com.obsqura.TestNGframework.FileUpload -->
