<?xml version="1.0" encoding="UTF-8"?>
<!-- Generated by org.testng.reporters.JUnitReportReporter -->
<testsuite hostname="LAPTOP-5NJGE6VO" failures="0" tests="1" name="com.obsqura.TestNGframework.Popup" time="9.611" errors="0" timestamp="2023-07-18T07:41:00 IST" skipped="0">
  <testcase classname="com.obsqura.TestNGframework.Popup" name="verifyTheOpenWindo" time="9.611"/>
  <system-out/>
</testsuite> <!-- com.obsqura.TestNGframework.Popup -->
