<?xml version="1.0" encoding="UTF-8"?>
<!-- Generated by org.testng.reporters.JUnitReportReporter -->
<testsuite hostname="LAPTOP-5NJGE6VO" failures="0" tests="1" name="com.obsqura.TestNGframework.TesrNGAnnotations" time="0.141" errors="0" timestamp="2023-07-05T07:48:47 IST" skipped="0">
  <testcase classname="com.obsqura.TestNGframework.TesrNGAnnotations" name="testcase" time="0.141"/>
  <system-out/>
</testsuite> <!-- com.obsqura.TestNGframework.TesrNGAnnotations -->
