<?xml version="1.0" encoding="UTF-8"?>
<!-- Generated by org.testng.reporters.JUnitReportReporter -->
<testsuite hostname="LAPTOP-5NJGE6VO" failures="0" tests="1" name="com.obsqura.TestNGframework.DropDown" time="14.348" errors="0" timestamp="2023-07-13T08:03:39 IST" skipped="0">
  <testcase classname="com.obsqura.TestNGframework.DropDown" name="dropDownUsingSelectClass" time="14.348"/>
  <system-out/>
</testsuite> <!-- com.obsqura.TestNGframework.DropDown -->
