<?xml version="1.0" encoding="UTF-8"?>
<!-- Generated by org.testng.reporters.JUnitReportReporter -->
<testsuite hostname="LAPTOP-5NJGE6VO" failures="0" tests="1" name="com.obsqura.TestNGframework.CheckBoxDemo" time="11.525" errors="0" timestamp="2023-07-11T23:12:41 IST" skipped="0">
  <testcase classname="com.obsqura.TestNGframework.CheckBoxDemo" name="verifyUnselectMultipleCheckBox" time="11.525"/>
  <system-out/>
</testsuite> <!-- com.obsqura.TestNGframework.CheckBoxDemo -->
