<?xml version="1.0" encoding="UTF-8"?>
<!-- Generated by org.testng.reporters.JUnitReportReporter -->
<testsuite hostname="LAPTOP-5NJGE6VO" failures="0" tests="1" name="com.obsqura.TestNGframework.ActionsClass" time="37.068" errors="0" timestamp="2023-07-16T12:07:52 IST" skipped="0">
  <testcase classname="com.obsqura.TestNGframework.ActionsClass" name="actionsClass" time="37.068"/>
  <system-out/>
</testsuite> <!-- com.obsqura.TestNGframework.ActionsClass -->
