<?xml version="1.0" encoding="UTF-8"?>
<!-- Generated by org.testng.reporters.JUnitReportReporter -->
<testsuite hostname="LAPTOP-5NJGE6VO" failures="0" tests="2" name="com.obsqura.TestNGframework.WebElementCommands" time="19.667" errors="0" timestamp="2023-07-06T12:01:01 IST" skipped="0">
  <testcase classname="com.obsqura.TestNGframework.WebElementCommands" name="webElementCommand" time="8.365"/>
  <system-out/>
  <testcase classname="com.obsqura.TestNGframework.WebElementCommands" name="verifyTwoInputField" time="11.302"/>
  <system-out/>
</testsuite> <!-- com.obsqura.TestNGframework.WebElementCommands -->
