<?xml version="1.0" encoding="UTF-8"?>
<!-- Generated by org.testng.reporters.JUnitReportReporter -->
<testsuite hostname="LAPTOP-5NJGE6VO" failures="0" tests="1" name="com.obsqura.TestNGframework.CheckTimeOrder" time="6.502" errors="0" timestamp="2023-07-13T16:20:48 IST" skipped="0">
  <testcase classname="com.obsqura.TestNGframework.CheckTimeOrder" name="locatByXPath" time="6.502"/>
  <system-out/>
</testsuite> <!-- com.obsqura.TestNGframework.CheckTimeOrder -->
