<?xml version="1.0" encoding="UTF-8"?>
<!-- Generated by org.testng.reporters.JUnitReportReporter -->
<testsuite hostname="LAPTOP-5NJGE6VO" failures="0" tests="1" name="com.obsqura.TestNGframework.RadioButton" time="6.697" errors="0" timestamp="2023-07-11T22:00:57 IST" skipped="0">
  <testcase classname="com.obsqura.TestNGframework.RadioButton" name="verifyGroupRadioButtonsDemo" time="6.697"/>
  <system-out/>
</testsuite> <!-- com.obsqura.TestNGframework.RadioButton -->
