<?xml version="1.0" encoding="UTF-8"?>
<!-- Generated by org.testng.reporters.JUnitReportReporter -->
<testsuite hostname="LAPTOP-5NJGE6VO" failures="0" tests="1" name="com.obsqura.TestNGframework.Alerts" time="230.723" errors="0" timestamp="2023-07-14T10:34:10 IST" skipped="0">
  <testcase classname="com.obsqura.TestNGframework.Alerts" name="clickForPrompt" time="230.723"/>
  <system-out/>
</testsuite> <!-- com.obsqura.TestNGframework.Alerts -->
