<?xml version="1.0" encoding="UTF-8"?>
<!-- Generated by org.testng.reporters.JUnitReportReporter -->
<testsuite hostname="LAPTOP-5NJGE6VO" failures="0" tests="1" name="com.obsqura.TestNGframework.Assertion" time="64.435" errors="0" timestamp="2023-07-07T17:11:31 IST" skipped="0">
  <testcase classname="com.obsqura.TestNGframework.Assertion" name="verifyShowMessageButtonisDisplayed" time="64.435"/>
  <system-out/>
</testsuite> <!-- com.obsqura.TestNGframework.Assertion -->
